Using pre-set license
Built from '2021.1/release' branch; Version is '2021.1.1f1 (6fdc41dfa55a) revision 7330881'; Using compiler version '192528614'; Build Type 'Release'
OS: 'Windows 10 Pro; OS build 19041.928; Version 2004; 64bit' Language: 'ru' Physical Memory: 16332 MB
BatchMode: 1, IsHumanControllingUs: 0, StartBugReporterOnCrash: 0, Is64bit: 1, IsPro: 0

 COMMAND LINE ARGUMENTS:
D:\UnityGameDev\2021.1.1f1\Editor\Unity.exe
-adb2
-batchMode
-noUpm
-name
AssetImportWorker0
-projectPath
D:/UnityGameDev/UnityProjects/My3dRpgAnimatedController
-logFile
Logs/AssetImportWorker0.log
-srvPort
26409
Successfully changed project path to: D:/UnityGameDev/UnityProjects/My3dRpgAnimatedController
D:/UnityGameDev/UnityProjects/My3dRpgAnimatedController
Using Asset Import Pipeline V2.
Refreshing native plugins compatible for Editor in 95.73 ms, found 1 plugins.
Preloading 0 native plugins for Editor in 0.00 ms.
Initialize engine version: 2021.1.1f1 (6fdc41dfa55a)
[Subsystems] Discovering subsystems at path D:/UnityGameDev/2021.1.1f1/Editor/Data/Resources/UnitySubsystems
[Subsystems] Discovering subsystems at path D:/UnityGameDev/UnityProjects/My3dRpgAnimatedController/Assets
GfxDevice: creating device client; threaded=0; jobified=0
Direct3D:
    Version:  Direct3D 11.0 [level 11.1]
    Renderer: NVIDIA GeForce GTX 1080 (ID=0x1b80)
    Vendor:   NVIDIA
    VRAM:     8079 MB
    Driver:   27.21.14.6192
Initialize mono
Mono path[0] = 'D:/UnityGameDev/2021.1.1f1/Editor/Data/Managed'
Mono path[1] = 'D:/UnityGameDev/2021.1.1f1/Editor/Data/MonoBleedingEdge/lib/mono/unityjit'
Mono config path = 'D:/UnityGameDev/2021.1.1f1/Editor/Data/MonoBleedingEdge/etc'
Using monoOptions --debugger-agent=transport=dt_socket,embedding=1,server=y,suspend=n,address=127.0.0.1:56848
Begin MonoManager ReloadAssembly
Registering precompiled unity dll's ...
Register platform support module: D:/UnityGameDev/2021.1.1f1/Editor/Data/PlaybackEngines/WindowsStandaloneSupport/UnityEditor.WindowsStandalone.Extensions.dll
Registered in 0.001393 seconds.
Native extension for WindowsStandalone target not found
Refreshing native plugins compatible for Editor in 97.99 ms, found 1 plugins.
Preloading 0 native plugins for Editor in 0.00 ms.
Mono: successfully reloaded assembly
- Completed reload, in  1.193 seconds
Platform modules already initialized, skipping
Registering precompiled user dll's ...
Registered in 0.002997 seconds.
Begin MonoManager ReloadAssembly
Native extension for WindowsStandalone target not found
Refreshing native plugins compatible for Editor in 97.80 ms, found 1 plugins.
Preloading 0 native plugins for Editor in 0.00 ms.
Mono: successfully reloaded assembly
- Completed reload, in  1.292 seconds
Platform modules already initialized, skipping
========================================================================
Worker process is ready to serve import requests
Launched and connected shader compiler UnityShaderCompiler.exe after 0.04 seconds
Refreshing native plugins compatible for Editor in 0.66 ms, found 1 plugins.
Preloading 0 native plugins for Editor in 0.00 ms.
Unloading 3217 Unused Serialized files (Serialized files now loaded: 0)
System memory in use before: 138.7 MB.
System memory in use after: 138.9 MB.

Unloading 22 unused Assets to reduce memory usage. Loaded Objects now: 3696.
Total: 2.869900 ms (FindLiveObjects: 0.335600 ms CreateObjectMapping: 0.094800 ms MarkObjects: 2.327200 ms  DeleteObjects: 0.111300 ms)

========================================================================
Received Import Request.
  path: Assets/Player/Animations/Rolling.anim
  artifactKey: Guid(aaebdbb2e54983a4a860c96861c88c48) Importer(815301076,1909f56bfc062723c751e8b465ee728b)
Start importing Assets/Player/Animations/Rolling.anim using Guid(aaebdbb2e54983a4a860c96861c88c48) Importer(815301076,1909f56bfc062723c751e8b465ee728b)  -> (artifact id: 'd8426a0e1b017a98847ad27c1489137b') in 0.085961 seconds 
========================================================================
Received Import Request.
  Time since last request: 0.000240 seconds.
  path: Assets/Player/Animations/Falling.anim
  artifactKey: Guid(084639bdae772674c87ee0f9fe805898) Importer(815301076,1909f56bfc062723c751e8b465ee728b)
Start importing Assets/Player/Animations/Falling.anim using Guid(084639bdae772674c87ee0f9fe805898) Importer(815301076,1909f56bfc062723c751e8b465ee728b)  -> (artifact id: '9088e26eaf100cceacd7681548b2d83e') in 0.011007 seconds 
========================================================================
Received Import Request.
  Time since last request: 441.621734 seconds.
  path: Assets/Player/Scripts/PlayerLocomotion.cs
  artifactKey: Guid(4d222b552c0c248479881d478c232a1b) Importer(815301076,1909f56bfc062723c751e8b465ee728b)
Start importing Assets/Player/Scripts/PlayerLocomotion.cs using Guid(4d222b552c0c248479881d478c232a1b) Importer(815301076,1909f56bfc062723c751e8b465ee728b)  -> (artifact id: '098a7cebfc617f1529dea4900fdb3608') in 0.019823 seconds 
========================================================================
Received Prepare
Registering precompiled user dll's ...
Registered in 0.003087 seconds.
Begin MonoManager ReloadAssembly
Native extension for WindowsStandalone target not found
Refreshing native plugins compatible for Editor in 0.71 ms, found 1 plugins.
Preloading 0 native plugins for Editor in 0.00 ms.
Mono: successfully reloaded assembly
- Completed reload, in  1.194 seconds
Platform modules already initialized, skipping
Refreshing native plugins compatible for Editor in 0.69 ms, found 1 plugins.
Preloading 0 native plugins for Editor in 0.00 ms.
Unloading 3210 Unused Serialized files (Serialized files now loaded: 0)
System memory in use before: 138.7 MB.
System memory in use after: 138.9 MB.

Unloading 12 unused Assets to reduce memory usage. Loaded Objects now: 3699.
Total: 3.111500 ms (FindLiveObjects: 0.335300 ms CreateObjectMapping: 0.096700 ms MarkObjects: 2.585600 ms  DeleteObjects: 0.092200 ms)

========================================================================
Received Prepare
Registering precompiled user dll's ...
Registered in 0.003118 seconds.
Begin MonoManager ReloadAssembly
Native extension for WindowsStandalone target not found
Refreshing native plugins compatible for Editor in 1.35 ms, found 1 plugins.
Preloading 0 native plugins for Editor in 0.00 ms.
Mono: successfully reloaded assembly
- Completed reload, in  1.239 seconds
Platform modules already initialized, skipping
Refreshing native plugins compatible for Editor in 0.90 ms, found 1 plugins.
Preloading 0 native plugins for Editor in 0.00 ms.
Unloading 3210 Unused Serialized files (Serialized files now loaded: 0)
System memory in use before: 138.8 MB.
System memory in use after: 139.0 MB.

Unloading 12 unused Assets to reduce memory usage. Loaded Objects now: 3702.
Total: 3.244800 ms (FindLiveObjects: 0.328100 ms CreateObjectMapping: 0.094300 ms MarkObjects: 2.737200 ms  DeleteObjects: 0.083800 ms)

========================================================================
Received Import Request.
  Time since last request: 1021.210505 seconds.
  path: Assets/Player/Scripts/ResetIsRolling.cs
  artifactKey: Guid(b6e4884411a53844887b31462e463595) Importer(815301076,1909f56bfc062723c751e8b465ee728b)
Start importing Assets/Player/Scripts/ResetIsRolling.cs using Guid(b6e4884411a53844887b31462e463595) Importer(815301076,1909f56bfc062723c751e8b465ee728b)  -> (artifact id: '015ec54d98b638f6cd57a6e2f8bef075') in 0.012008 seconds 
========================================================================
Received Prepare
Registering precompiled user dll's ...
Registered in 0.003599 seconds.
Begin MonoManager ReloadAssembly
Native extension for WindowsStandalone target not found
Refreshing native plugins compatible for Editor in 0.71 ms, found 1 plugins.
Preloading 0 native plugins for Editor in 0.00 ms.
Mono: successfully reloaded assembly
- Completed reload, in  1.223 seconds
Platform modules already initialized, skipping
Refreshing native plugins compatible for Editor in 0.67 ms, found 1 plugins.
Preloading 0 native plugins for Editor in 0.00 ms.
Unloading 3210 Unused Serialized files (Serialized files now loaded: 0)
System memory in use before: 138.8 MB.
System memory in use after: 139.0 MB.

Unloading 12 unused Assets to reduce memory usage. Loaded Objects now: 3705.
Total: 3.043000 ms (FindLiveObjects: 0.373900 ms CreateObjectMapping: 0.119000 ms MarkObjects: 2.464800 ms  DeleteObjects: 0.083700 ms)

========================================================================
Received Prepare
Registering precompiled user dll's ...
Registered in 0.003109 seconds.
Begin MonoManager ReloadAssembly
Native extension for WindowsStandalone target not found
Refreshing native plugins compatible for Editor in 1.05 ms, found 1 plugins.
Preloading 0 native plugins for Editor in 0.00 ms.
Mono: successfully reloaded assembly
- Completed reload, in  1.209 seconds
Platform modules already initialized, skipping
Refreshing native plugins compatible for Editor in 0.70 ms, found 1 plugins.
Preloading 0 native plugins for Editor in 0.00 ms.
Unloading 3210 Unused Serialized files (Serialized files now loaded: 0)
System memory in use before: 138.8 MB.
System memory in use after: 139.0 MB.

Unloading 12 unused Assets to reduce memory usage. Loaded Objects now: 3708.
Total: 3.253300 ms (FindLiveObjects: 0.336400 ms CreateObjectMapping: 0.091900 ms MarkObjects: 2.748000 ms  DeleteObjects: 0.075900 ms)

========================================================================
Received Prepare
Registering precompiled user dll's ...
Registered in 0.003144 seconds.
Begin MonoManager ReloadAssembly
Native extension for WindowsStandalone target not found
Refreshing native plugins compatible for Editor in 1.20 ms, found 1 plugins.
Preloading 0 native plugins for Editor in 0.00 ms.
Mono: successfully reloaded assembly
- Completed reload, in  1.310 seconds
Platform modules already initialized, skipping
Refreshing native plugins compatible for Editor in 0.69 ms, found 1 plugins.
Preloading 0 native plugins for Editor in 0.00 ms.
Unloading 3210 Unused Serialized files (Serialized files now loaded: 0)
System memory in use before: 138.8 MB.
System memory in use after: 139.0 MB.

Unloading 12 unused Assets to reduce memory usage. Loaded Objects now: 3711.
Total: 3.022400 ms (FindLiveObjects: 0.361700 ms CreateObjectMapping: 0.094900 ms MarkObjects: 2.478400 ms  DeleteObjects: 0.086000 ms)

========================================================================
Received Prepare
Registering precompiled user dll's ...
Registered in 0.003588 seconds.
Begin MonoManager ReloadAssembly
Native extension for WindowsStandalone target not found
Refreshing native plugins compatible for Editor in 0.80 ms, found 1 plugins.
Preloading 0 native plugins for Editor in 0.00 ms.
Mono: successfully reloaded assembly
- Completed reload, in  1.198 seconds
Platform modules already initialized, skipping
Refreshing native plugins compatible for Editor in 0.68 ms, found 1 plugins.
Preloading 0 native plugins for Editor in 0.00 ms.
Unloading 3210 Unused Serialized files (Serialized files now loaded: 0)
System memory in use before: 138.8 MB.
System memory in use after: 139.0 MB.

Unloading 12 unused Assets to reduce memory usage. Loaded Objects now: 3714.
Total: 2.847700 ms (FindLiveObjects: 0.337700 ms CreateObjectMapping: 0.087200 ms MarkObjects: 2.339700 ms  DeleteObjects: 0.081600 ms)

========================================================================
Received Import Request.
  Time since last request: 867.901812 seconds.
  path: Assets/Player/Animations/PlayerAnimationController.controller
  artifactKey: Guid(045fb1112750a81478cad8d8adb09119) Importer(815301076,1909f56bfc062723c751e8b465ee728b)
Start importing Assets/Player/Animations/PlayerAnimationController.controller using Guid(045fb1112750a81478cad8d8adb09119) Importer(815301076,1909f56bfc062723c751e8b465ee728b)  -> (artifact id: '848a5ab5e56641fad3a23965d84ae810') in 0.182371 seconds 
========================================================================
Received Import Request.
  Time since last request: 381.397070 seconds.
  path: Assets/Player/Scripts/InputManager.cs
  artifactKey: Guid(0cf5aac771042bf44ad78ae37103cedb) Importer(815301076,1909f56bfc062723c751e8b465ee728b)
Start importing Assets/Player/Scripts/InputManager.cs using Guid(0cf5aac771042bf44ad78ae37103cedb) Importer(815301076,1909f56bfc062723c751e8b465ee728b)  -> (artifact id: 'dc1b55d688fa8497be7d8fa093b24b3f') in 0.008724 seconds 
========================================================================
Received Prepare
Registering precompiled user dll's ...
Registered in 0.003723 seconds.
Begin MonoManager ReloadAssembly
Native extension for WindowsStandalone target not found
Refreshing native plugins compatible for Editor in 0.67 ms, found 1 plugins.
Preloading 0 native plugins for Editor in 0.00 ms.
Mono: successfully reloaded assembly
- Completed reload, in  1.223 seconds
Platform modules already initialized, skipping
Refreshing native plugins compatible for Editor in 0.67 ms, found 1 plugins.
Preloading 0 native plugins for Editor in 0.00 ms.
Unloading 3210 Unused Serialized files (Serialized files now loaded: 0)
System memory in use before: 138.9 MB.
System memory in use after: 139.1 MB.

Unloading 12 unused Assets to reduce memory usage. Loaded Objects now: 3717.
Total: 2.950400 ms (FindLiveObjects: 0.353500 ms CreateObjectMapping: 0.095800 ms MarkObjects: 2.415600 ms  DeleteObjects: 0.084200 ms)

========================================================================
Received Prepare
Registering precompiled user dll's ...
Registered in 0.003844 seconds.
Begin MonoManager ReloadAssembly
Native extension for WindowsStandalone target not found
Refreshing native plugins compatible for Editor in 0.73 ms, found 1 plugins.
Preloading 0 native plugins for Editor in 0.00 ms.
Mono: successfully reloaded assembly
- Completed reload, in  1.213 seconds
Platform modules already initialized, skipping
Refreshing native plugins compatible for Editor in 0.74 ms, found 1 plugins.
Preloading 0 native plugins for Editor in 0.00 ms.
Unloading 3210 Unused Serialized files (Serialized files now loaded: 0)
System memory in use before: 138.9 MB.
System memory in use after: 139.1 MB.

Unloading 12 unused Assets to reduce memory usage. Loaded Objects now: 3720.
Total: 3.090100 ms (FindLiveObjects: 0.333700 ms CreateObjectMapping: 0.089500 ms MarkObjects: 2.578800 ms  DeleteObjects: 0.086000 ms)

========================================================================
Received Prepare
Registering precompiled user dll's ...
Registered in 0.003040 seconds.
Begin MonoManager ReloadAssembly
Native extension for WindowsStandalone target not found
Refreshing native plugins compatible for Editor in 0.85 ms, found 1 plugins.
Preloading 0 native plugins for Editor in 0.00 ms.
Mono: successfully reloaded assembly
- Completed reload, in  1.132 seconds
Platform modules already initialized, skipping
Refreshing native plugins compatible for Editor in 0.72 ms, found 1 plugins.
Preloading 0 native plugins for Editor in 0.00 ms.
Unloading 3210 Unused Serialized files (Serialized files now loaded: 0)
System memory in use before: 138.9 MB.
System memory in use after: 139.1 MB.

Unloading 12 unused Assets to reduce memory usage. Loaded Objects now: 3723.
Total: 3.641500 ms (FindLiveObjects: 0.431500 ms CreateObjectMapping: 0.091600 ms MarkObjects: 3.029600 ms  DeleteObjects: 0.087400 ms)

========================================================================
Received Prepare
Registering precompiled user dll's ...
Registered in 0.003156 seconds.
Begin MonoManager ReloadAssembly
Native extension for WindowsStandalone target not found
Refreshing native plugins compatible for Editor in 0.68 ms, found 1 plugins.
Preloading 0 native plugins for Editor in 0.00 ms.
Mono: successfully reloaded assembly
- Completed reload, in  1.152 seconds
Platform modules already initialized, skipping
Refreshing native plugins compatible for Editor in 0.67 ms, found 1 plugins.
Preloading 0 native plugins for Editor in 0.00 ms.
Unloading 3210 Unused Serialized files (Serialized files now loaded: 0)
System memory in use before: 138.9 MB.
System memory in use after: 139.1 MB.

Unloading 12 unused Assets to reduce memory usage. Loaded Objects now: 3726.
Total: 3.069400 ms (FindLiveObjects: 0.323800 ms CreateObjectMapping: 0.094400 ms MarkObjects: 2.556400 ms  DeleteObjects: 0.093100 ms)

========================================================================
Received Prepare
Registering precompiled user dll's ...
Registered in 0.003079 seconds.
Begin MonoManager ReloadAssembly
Native extension for WindowsStandalone target not found
Refreshing native plugins compatible for Editor in 0.76 ms, found 1 plugins.
Preloading 0 native plugins for Editor in 0.00 ms.
Mono: successfully reloaded assembly
- Completed reload, in  1.157 seconds
Platform modules already initialized, skipping
Refreshing native plugins compatible for Editor in 0.72 ms, found 1 plugins.
Preloading 0 native plugins for Editor in 0.00 ms.
Unloading 3210 Unused Serialized files (Serialized files now loaded: 0)
System memory in use before: 138.9 MB.
System memory in use after: 139.1 MB.

Unloading 12 unused Assets to reduce memory usage. Loaded Objects now: 3729.
Total: 2.970300 ms (FindLiveObjects: 0.466900 ms CreateObjectMapping: 0.085300 ms MarkObjects: 2.339000 ms  DeleteObjects: 0.078100 ms)

========================================================================
Received Prepare
Registering precompiled user dll's ...
Registered in 0.003501 seconds.
Begin MonoManager ReloadAssembly
Native extension for WindowsStandalone target not found
Refreshing native plugins compatible for Editor in 0.67 ms, found 1 plugins.
Preloading 0 native plugins for Editor in 0.00 ms.
Mono: successfully reloaded assembly
- Completed reload, in  1.142 seconds
Platform modules already initialized, skipping
Refreshing native plugins compatible for Editor in 0.66 ms, found 1 plugins.
Preloading 0 native plugins for Editor in 0.00 ms.
Unloading 3210 Unused Serialized files (Serialized files now loaded: 0)
System memory in use before: 138.9 MB.
System memory in use after: 139.1 MB.

Unloading 12 unused Assets to reduce memory usage. Loaded Objects now: 3732.
Total: 2.977100 ms (FindLiveObjects: 0.352800 ms CreateObjectMapping: 0.090800 ms MarkObjects: 2.447700 ms  DeleteObjects: 0.084300 ms)

AssetImportWorkerClient::OnTransportError - code=2 error=End of file
